Jan 26, 2017 3:37:35 PM View.Logging log
INFO: Game started
Jan 26, 2017 3:37:39 PM View.Logging log
INFO: Hard difficulty
Jan 26, 2017 3:37:51 PM View.Logging log
INFO: BlueClownScore =1
Jan 26, 2017 3:37:52 PM View.Logging log
INFO: BlueClownScore =2
Jan 26, 2017 3:37:53 PM View.Logging log
INFO: BlueClownScore =3
Jan 26, 2017 3:37:54 PM View.Logging log
INFO: GreenClownScore =1
Jan 26, 2017 3:37:55 PM View.Logging log
INFO: BlueClownScore =4
Jan 26, 2017 3:37:55 PM View.Logging log
INFO: BlueClownScore =5
Jan 26, 2017 3:37:57 PM View.Logging log
INFO: GreenClownScore =2
Jan 26, 2017 3:37:57 PM View.Logging log
INFO: GreenClownScore =3
Jan 26, 2017 3:37:59 PM View.Logging log
INFO: GreenClownScore =4
Jan 26, 2017 3:38:00 PM View.Logging log
INFO: GreenClownScore =5
Jan 26, 2017 3:38:04 PM View.Logging log
INFO: GreenClownScore =6
Jan 26, 2017 3:38:05 PM View.Logging log
INFO: BlueClownScore =6
Jan 26, 2017 3:38:05 PM View.Logging log
INFO: BlueClownScore =7
Jan 26, 2017 3:38:08 PM View.Logging log
INFO: BlueClownScore =8
Jan 26, 2017 3:38:10 PM View.Logging log
INFO: BlueClownScore =9
Jan 26, 2017 3:38:13 PM View.Logging log
INFO: GreenClownScore =7
Jan 26, 2017 3:38:13 PM View.Logging log
INFO: GreenClownScore =8
Jan 26, 2017 3:38:16 PM View.Logging log
INFO: GreenClownScore =9
Jan 26, 2017 3:38:26 PM View.Logging log
INFO: Game ended with Tie
Jan 26, 2017 3:38:26 PM View.Logging log
INFO: Game ended with Tie
Jan 26, 2017 3:38:26 PM View.Logging log
INFO: Game ended with Tie
Jan 26, 2017 3:38:26 PM View.Logging log
INFO: Game ended with Tie
Jan 26, 2017 3:38:26 PM View.Logging log
INFO: Game ended with Tie
Jan 26, 2017 3:38:26 PM View.Logging log
INFO: Game ended with Tie
Jan 26, 2017 3:38:26 PM View.Logging log
INFO: Game ended with Tie
Jan 26, 2017 3:38:26 PM View.Logging log
INFO: Game ended with Tie
Jan 26, 2017 3:38:26 PM View.Logging log
INFO: Game ended with Tie
Jan 26, 2017 3:38:26 PM View.Logging log
INFO: Game ended with Tie
Jan 26, 2017 3:38:26 PM View.Logging log
INFO: Game ended with Tie
Jan 26, 2017 3:38:26 PM View.Logging log
INFO: Game ended with Tie
Jan 26, 2017 3:38:26 PM View.Logging log
INFO: Game ended with Tie
Jan 26, 2017 3:38:26 PM View.Logging log
INFO: Game ended with Tie
Jan 26, 2017 3:38:26 PM View.Logging log
INFO: Game ended with Tie
Jan 26, 2017 3:38:26 PM View.Logging log
INFO: Game ended with Tie
Jan 26, 2017 3:38:26 PM View.Logging log
INFO: Game ended with Tie
Jan 26, 2017 3:38:26 PM View.Logging log
INFO: Game ended with Tie
Jan 26, 2017 3:38:26 PM View.Logging log
INFO: Game ended with Tie
Jan 26, 2017 3:38:26 PM View.Logging log
INFO: Game ended with Tie
Jan 26, 2017 3:38:26 PM View.Logging log
INFO: Game ended with Tie
Jan 26, 2017 3:38:26 PM View.Logging log
INFO: Game ended with Tie
Jan 26, 2017 3:38:26 PM View.Logging log
INFO: Game ended with Tie
Jan 26, 2017 3:38:26 PM View.Logging log
INFO: Game ended with Tie
Jan 26, 2017 3:38:26 PM View.Logging log
INFO: Game ended with Tie
Jan 26, 2017 3:38:26 PM View.Logging log
INFO: Game ended with Tie
Jan 26, 2017 3:38:26 PM View.Logging log
INFO: Game ended with Tie
Jan 26, 2017 3:38:26 PM View.Logging log
INFO: Game ended with Tie
Jan 26, 2017 3:38:26 PM View.Logging log
INFO: Game ended with Tie
Jan 26, 2017 3:38:26 PM View.Logging log
INFO: Game ended with Tie
Jan 26, 2017 3:38:26 PM View.Logging log
INFO: Game ended with Tie
Jan 26, 2017 3:38:26 PM View.Logging log
INFO: Game ended with Tie
Jan 26, 2017 3:38:26 PM View.Logging log
INFO: Game ended with Tie
Jan 26, 2017 3:38:26 PM View.Logging log
INFO: Game ended with Tie
Jan 26, 2017 3:38:26 PM View.Logging log
INFO: Game ended with Tie
Jan 26, 2017 3:38:26 PM View.Logging log
INFO: Game ended with Tie
Jan 26, 2017 3:38:26 PM View.Logging log
INFO: Game ended with Tie
Jan 26, 2017 3:38:26 PM View.Logging log
INFO: Game ended with Tie
Jan 26, 2017 3:38:26 PM View.Logging log
INFO: Game ended with Tie
Jan 26, 2017 3:38:26 PM View.Logging log
INFO: Game ended with Tie
Jan 26, 2017 3:38:26 PM View.Logging log
INFO: Game ended with Tie
Jan 26, 2017 3:38:26 PM View.Logging log
INFO: Game ended with Tie
Jan 26, 2017 3:38:26 PM View.Logging log
INFO: Game ended with Tie
Jan 26, 2017 3:38:26 PM View.Logging log
INFO: Game ended with Tie
Jan 26, 2017 3:38:26 PM View.Logging log
INFO: Game ended with Tie
Jan 26, 2017 3:38:26 PM View.Logging log
INFO: Game ended with Tie
Jan 26, 2017 3:38:26 PM View.Logging log
INFO: Game ended with Tie
Jan 26, 2017 3:38:26 PM View.Logging log
INFO: Game ended with Tie
Jan 26, 2017 3:38:26 PM View.Logging log
INFO: Game ended with Tie
Jan 26, 2017 3:38:26 PM View.Logging log
INFO: Game ended with Tie
Jan 26, 2017 3:38:26 PM View.Logging log
INFO: Game ended with Tie
Jan 26, 2017 3:38:26 PM View.Logging log
INFO: Game ended with Tie
Jan 26, 2017 3:38:26 PM View.Logging log
INFO: Game ended with Tie
Jan 26, 2017 3:38:26 PM View.Logging log
INFO: Game ended with Tie
Jan 26, 2017 3:38:26 PM View.Logging log
INFO: Game ended with Tie
Jan 26, 2017 3:38:26 PM View.Logging log
INFO: Game ended with Tie
Jan 26, 2017 3:38:26 PM View.Logging log
INFO: Game ended with Tie
Jan 26, 2017 3:38:26 PM View.Logging log
INFO: Game ended with Tie
Jan 26, 2017 3:38:26 PM View.Logging log
INFO: Game ended with Tie
Jan 26, 2017 3:38:26 PM View.Logging log
INFO: Game ended with Tie
Jan 26, 2017 3:38:26 PM View.Logging log
INFO: Game ended with Tie
Jan 26, 2017 3:38:26 PM View.Logging log
INFO: Game ended with Tie
Jan 26, 2017 3:38:26 PM View.Logging log
INFO: Game ended with Tie
Jan 26, 2017 3:38:26 PM View.Logging log
INFO: Game ended with Tie
Jan 26, 2017 3:38:26 PM View.Logging log
INFO: Game ended with Tie
Jan 26, 2017 3:38:26 PM View.Logging log
INFO: Game ended with Tie
Jan 26, 2017 3:38:26 PM View.Logging log
INFO: Game ended with Tie
Jan 26, 2017 3:38:26 PM View.Logging log
INFO: Game ended with Tie
Jan 26, 2017 3:38:26 PM View.Logging log
INFO: Game ended with Tie
Jan 26, 2017 3:38:26 PM View.Logging log
INFO: Game ended with Tie
Jan 26, 2017 3:38:26 PM View.Logging log
INFO: Game ended with Tie
Jan 26, 2017 3:38:26 PM View.Logging log
INFO: Game ended with Tie
Jan 26, 2017 3:38:26 PM View.Logging log
INFO: Game ended with Tie
Jan 26, 2017 3:38:26 PM View.Logging log
INFO: Game ended with Tie
Jan 26, 2017 3:38:26 PM View.Logging log
INFO: Game ended with Tie
Jan 26, 2017 3:38:26 PM View.Logging log
INFO: Game ended with Tie
Jan 26, 2017 3:38:26 PM View.Logging log
INFO: Game ended with Tie
Jan 26, 2017 3:38:26 PM View.Logging log
INFO: Game ended with Tie
Jan 26, 2017 3:38:26 PM View.Logging log
INFO: Game ended with Tie
Jan 26, 2017 3:38:26 PM View.Logging log
INFO: Game ended with Tie
Jan 26, 2017 3:38:26 PM View.Logging log
INFO: Game ended with Tie
Jan 26, 2017 3:38:26 PM View.Logging log
INFO: Game ended with Tie
Jan 26, 2017 3:38:26 PM View.Logging log
INFO: Game ended with Tie
Jan 26, 2017 3:38:26 PM View.Logging log
INFO: Game ended with Tie
Jan 26, 2017 3:38:26 PM View.Logging log
INFO: Game ended with Tie
Jan 26, 2017 3:38:26 PM View.Logging log
INFO: Game ended with Tie
Jan 26, 2017 3:38:26 PM View.Logging log
INFO: Game ended with Tie
Jan 26, 2017 3:38:26 PM View.Logging log
INFO: Game ended with Tie
Jan 26, 2017 3:38:26 PM View.Logging log
INFO: Game ended with Tie
Jan 26, 2017 3:38:26 PM View.Logging log
INFO: Game ended with Tie
Jan 26, 2017 3:38:26 PM View.Logging log
INFO: Game ended with Tie
Jan 26, 2017 3:38:26 PM View.Logging log
INFO: Game ended with Tie
Jan 26, 2017 3:38:26 PM View.Logging log
INFO: Game ended with Tie
Jan 26, 2017 3:38:26 PM View.Logging log
INFO: Game ended with Tie
Jan 26, 2017 3:38:26 PM View.Logging log
INFO: Game ended with Tie
Jan 26, 2017 3:38:26 PM View.Logging log
INFO: Game ended with Tie
Jan 26, 2017 3:38:26 PM View.Logging log
INFO: Game ended with Tie
Jan 26, 2017 3:38:26 PM View.Logging log
INFO: Game ended with Tie
Jan 26, 2017 3:38:26 PM View.Logging log
INFO: Game ended with Tie
Jan 26, 2017 3:38:26 PM View.Logging log
INFO: Game ended with Tie
Jan 26, 2017 3:38:26 PM View.Logging log
INFO: Game ended with Tie
Jan 26, 2017 3:38:26 PM View.Logging log
INFO: Game ended with Tie
Jan 26, 2017 3:38:26 PM View.Logging log
INFO: Game ended with Tie
Jan 26, 2017 3:38:26 PM View.Logging log
INFO: Game ended with Tie
Jan 26, 2017 3:38:26 PM View.Logging log
INFO: Game ended with Tie
Jan 26, 2017 3:38:26 PM View.Logging log
INFO: Game ended with Tie
Jan 26, 2017 3:38:26 PM View.Logging log
INFO: Game ended with Tie
Jan 26, 2017 3:38:26 PM View.Logging log
INFO: Game ended with Tie
Jan 26, 2017 3:38:26 PM View.Logging log
INFO: Game ended with Tie
Jan 26, 2017 3:38:26 PM View.Logging log
INFO: Game ended with Tie
Jan 26, 2017 3:38:26 PM View.Logging log
INFO: Game ended with Tie
Jan 26, 2017 3:38:26 PM View.Logging log
INFO: Game ended with Tie
Jan 26, 2017 3:38:26 PM View.Logging log
INFO: Game ended with Tie
Jan 26, 2017 3:38:26 PM View.Logging log
INFO: Game ended with Tie
Jan 26, 2017 3:38:26 PM View.Logging log
INFO: Game ended with Tie
Jan 26, 2017 3:38:26 PM View.Logging log
INFO: Game ended with Tie
Jan 26, 2017 3:38:26 PM View.Logging log
INFO: Game ended with Tie
Jan 26, 2017 3:38:26 PM View.Logging log
INFO: Game ended with Tie
Jan 26, 2017 3:38:26 PM View.Logging log
INFO: Game ended with Tie
Jan 26, 2017 3:38:26 PM View.Logging log
INFO: Game ended with Tie
Jan 26, 2017 3:38:26 PM View.Logging log
INFO: Game ended with Tie
Jan 26, 2017 3:38:26 PM View.Logging log
INFO: Game ended with Tie
Jan 26, 2017 3:38:26 PM View.Logging log
INFO: Game ended with Tie
Jan 26, 2017 3:38:26 PM View.Logging log
INFO: Game ended with Tie
Jan 26, 2017 3:38:26 PM View.Logging log
INFO: Game ended with Tie
Jan 26, 2017 3:38:26 PM View.Logging log
INFO: Game ended with Tie
Jan 26, 2017 3:38:26 PM View.Logging log
INFO: Game ended with Tie
Jan 26, 2017 3:38:26 PM View.Logging log
INFO: Game ended with Tie
Jan 26, 2017 3:38:26 PM View.Logging log
INFO: Game ended with Tie
Jan 26, 2017 3:38:26 PM View.Logging log
INFO: Game ended with Tie
Jan 26, 2017 3:38:26 PM View.Logging log
INFO: Game ended with Tie
Jan 26, 2017 3:38:27 PM View.Logging log
INFO: Game ended with Tie
Jan 26, 2017 3:38:27 PM View.Logging log
INFO: Game ended with Tie
Jan 26, 2017 3:38:27 PM View.Logging log
INFO: Game ended with Tie
Jan 26, 2017 3:38:27 PM View.Logging log
INFO: Game ended with Tie
Jan 26, 2017 3:38:27 PM View.Logging log
INFO: Game ended with Tie
Jan 26, 2017 3:38:27 PM View.Logging log
INFO: Game ended with Tie
Jan 26, 2017 3:38:27 PM View.Logging log
INFO: Game ended with Tie
Jan 26, 2017 3:38:27 PM View.Logging log
INFO: Game ended with Tie
Jan 26, 2017 3:38:27 PM View.Logging log
INFO: Game ended with Tie
Jan 26, 2017 3:38:27 PM View.Logging log
INFO: Game ended with Tie
Jan 26, 2017 3:38:27 PM View.Logging log
INFO: Game ended with Tie
Jan 26, 2017 3:38:27 PM View.Logging log
INFO: Game ended with Tie
Jan 26, 2017 3:38:27 PM View.Logging log
INFO: Game ended with Tie
Jan 26, 2017 3:38:27 PM View.Logging log
INFO: Game ended with Tie
Jan 26, 2017 3:38:27 PM View.Logging log
INFO: Game ended with Tie
Jan 26, 2017 3:38:27 PM View.Logging log
INFO: Game ended with Tie
Jan 26, 2017 3:38:27 PM View.Logging log
INFO: Game ended with Tie
Jan 26, 2017 3:38:27 PM View.Logging log
INFO: Game ended with Tie
Jan 26, 2017 3:38:27 PM View.Logging log
INFO: Game ended with Tie
Jan 26, 2017 3:38:27 PM View.Logging log
INFO: Game ended with Tie
Jan 26, 2017 3:38:27 PM View.Logging log
INFO: Game ended with Tie
Jan 26, 2017 3:38:27 PM View.Logging log
INFO: Game ended with Tie
Jan 26, 2017 3:38:27 PM View.Logging log
INFO: Game ended with Tie
Jan 26, 2017 3:38:27 PM View.Logging log
INFO: Game ended with Tie
Jan 26, 2017 3:38:27 PM View.Logging log
INFO: Game ended with Tie
Jan 26, 2017 3:38:27 PM View.Logging log
INFO: Game ended with Tie
Jan 26, 2017 3:38:27 PM View.Logging log
INFO: Game ended with Tie
Jan 26, 2017 3:38:27 PM View.Logging log
INFO: Game ended with Tie
Jan 26, 2017 3:38:27 PM View.Logging log
INFO: Game ended with Tie
Jan 26, 2017 3:38:27 PM View.Logging log
INFO: Game ended with Tie
Jan 26, 2017 3:38:27 PM View.Logging log
INFO: Game ended with Tie
Jan 26, 2017 3:38:27 PM View.Logging log
INFO: Game ended with Tie
Jan 26, 2017 3:38:27 PM View.Logging log
INFO: Game ended with Tie
Jan 26, 2017 3:38:27 PM View.Logging log
INFO: Game ended with Tie
Jan 26, 2017 3:38:27 PM View.Logging log
INFO: Game ended with Tie
Jan 26, 2017 3:38:27 PM View.Logging log
INFO: Game ended with Tie
Jan 26, 2017 3:38:27 PM View.Logging log
INFO: Game ended with Tie
Jan 26, 2017 3:38:27 PM View.Logging log
INFO: Game ended with Tie
Jan 26, 2017 3:38:27 PM View.Logging log
INFO: Game ended with Tie
Jan 26, 2017 3:38:27 PM View.Logging log
INFO: Game ended with Tie
Jan 26, 2017 3:38:27 PM View.Logging log
INFO: Game ended with Tie
Jan 26, 2017 3:38:27 PM View.Logging log
INFO: Game ended with Tie
Jan 26, 2017 3:38:27 PM View.Logging log
INFO: Game ended with Tie
Jan 26, 2017 3:38:27 PM View.Logging log
INFO: Game ended with Tie
Jan 26, 2017 3:38:27 PM View.Logging log
INFO: Game ended with Tie
Jan 26, 2017 3:38:27 PM View.Logging log
INFO: Game ended with Tie
Jan 26, 2017 3:38:27 PM View.Logging log
INFO: Game ended with Tie
Jan 26, 2017 3:38:27 PM View.Logging log
INFO: Game ended with Tie
Jan 26, 2017 3:38:27 PM View.Logging log
INFO: Game ended with Tie
Jan 26, 2017 3:38:27 PM View.Logging log
INFO: Game ended with Tie
Jan 26, 2017 3:38:27 PM View.Logging log
INFO: Game ended with Tie
Jan 26, 2017 3:38:27 PM View.Logging log
INFO: Game ended with Tie
Jan 26, 2017 3:38:27 PM View.Logging log
INFO: Game ended with Tie
Jan 26, 2017 3:38:27 PM View.Logging log
INFO: Game ended with Tie
Jan 26, 2017 3:38:27 PM View.Logging log
INFO: Game ended with Tie
Jan 26, 2017 3:38:27 PM View.Logging log
INFO: Game ended with Tie
Jan 26, 2017 3:38:27 PM View.Logging log
INFO: Game ended with Tie
Jan 26, 2017 3:38:27 PM View.Logging log
INFO: Game ended with Tie
Jan 26, 2017 3:38:27 PM View.Logging log
INFO: Game ended with Tie
Jan 26, 2017 3:38:27 PM View.Logging log
INFO: Game ended with Tie
Jan 26, 2017 3:38:27 PM View.Logging log
INFO: Game ended with Tie
Jan 26, 2017 3:38:27 PM View.Logging log
INFO: Game ended with Tie
Jan 26, 2017 3:38:27 PM View.Logging log
INFO: Game ended with Tie
Jan 26, 2017 3:38:27 PM View.Logging log
INFO: Game ended with Tie
Jan 26, 2017 3:38:27 PM View.Logging log
INFO: Game ended with Tie
Jan 26, 2017 3:38:27 PM View.Logging log
INFO: Game ended with Tie
Jan 26, 2017 3:38:27 PM View.Logging log
INFO: Game ended with Tie
Jan 26, 2017 3:38:27 PM View.Logging log
INFO: Game ended with Tie
Jan 26, 2017 3:38:27 PM View.Logging log
INFO: Game ended with Tie
Jan 26, 2017 3:38:27 PM View.Logging log
INFO: Game ended with Tie
Jan 26, 2017 3:38:27 PM View.Logging log
INFO: Game ended with Tie
Jan 26, 2017 3:38:27 PM View.Logging log
INFO: Game ended with Tie
Jan 26, 2017 3:38:27 PM View.Logging log
INFO: Game ended with Tie
Jan 26, 2017 3:38:27 PM View.Logging log
INFO: Game ended with Tie
Jan 26, 2017 3:38:27 PM View.Logging log
INFO: Game ended with Tie
Jan 26, 2017 3:38:27 PM View.Logging log
INFO: Game ended with Tie
Jan 26, 2017 3:38:27 PM View.Logging log
INFO: Game ended with Tie
Jan 26, 2017 3:38:27 PM View.Logging log
INFO: Game ended with Tie
Jan 26, 2017 3:38:27 PM View.Logging log
INFO: Game ended with Tie
Jan 26, 2017 3:38:27 PM View.Logging log
INFO: Game ended with Tie
Jan 26, 2017 3:38:27 PM View.Logging log
INFO: Game ended with Tie
Jan 26, 2017 3:38:27 PM View.Logging log
INFO: Game ended with Tie
Jan 26, 2017 3:38:27 PM View.Logging log
INFO: Game ended with Tie
Jan 26, 2017 3:38:27 PM View.Logging log
INFO: Game ended with Tie
Jan 26, 2017 3:38:27 PM View.Logging log
INFO: Game ended with Tie
Jan 26, 2017 3:38:27 PM View.Logging log
INFO: Game ended with Tie
Jan 26, 2017 3:38:27 PM View.Logging log
INFO: Game ended with Tie
Jan 26, 2017 3:38:27 PM View.Logging log
INFO: Game ended with Tie
Jan 26, 2017 3:38:27 PM View.Logging log
INFO: Game ended with Tie
Jan 26, 2017 3:38:27 PM View.Logging log
INFO: Game ended with Tie
Jan 26, 2017 3:38:27 PM View.Logging log
INFO: Game ended with Tie
Jan 26, 2017 3:38:27 PM View.Logging log
INFO: Game ended with Tie
Jan 26, 2017 3:38:27 PM View.Logging log
INFO: Game ended with Tie
Jan 26, 2017 3:38:27 PM View.Logging log
INFO: Game ended with Tie
Jan 26, 2017 3:38:27 PM View.Logging log
INFO: Game ended with Tie
Jan 26, 2017 3:38:27 PM View.Logging log
INFO: Game ended with Tie
Jan 26, 2017 3:38:27 PM View.Logging log
INFO: Game ended with Tie
Jan 26, 2017 3:38:27 PM View.Logging log
INFO: Game ended with Tie
Jan 26, 2017 3:38:27 PM View.Logging log
INFO: Game ended with Tie
Jan 26, 2017 3:38:27 PM View.Logging log
INFO: Game ended with Tie
Jan 26, 2017 3:38:27 PM View.Logging log
INFO: Game ended with Tie
Jan 26, 2017 3:38:27 PM View.Logging log
INFO: Game ended with Tie
Jan 26, 2017 3:38:27 PM View.Logging log
INFO: Game ended with Tie
Jan 26, 2017 3:38:27 PM View.Logging log
INFO: Game ended with Tie
Jan 26, 2017 3:38:27 PM View.Logging log
INFO: Game ended with Tie
Jan 26, 2017 3:38:27 PM View.Logging log
INFO: Game ended with Tie
Jan 26, 2017 3:38:27 PM View.Logging log
INFO: Game ended with Tie
Jan 26, 2017 3:38:27 PM View.Logging log
INFO: Game ended with Tie
Jan 26, 2017 3:38:27 PM View.Logging log
INFO: Game ended with Tie
Jan 26, 2017 3:38:27 PM View.Logging log
INFO: Game ended with Tie
Jan 26, 2017 3:38:27 PM View.Logging log
INFO: Game ended with Tie
Jan 26, 2017 3:38:27 PM View.Logging log
INFO: Game ended with Tie
Jan 26, 2017 3:38:27 PM View.Logging log
INFO: Game ended with Tie
Jan 26, 2017 3:38:27 PM View.Logging log
INFO: Game ended with Tie
Jan 26, 2017 3:38:27 PM View.Logging log
INFO: Game ended with Tie
Jan 26, 2017 3:38:27 PM View.Logging log
INFO: Game ended with Tie
Jan 26, 2017 3:38:27 PM View.Logging log
INFO: Game ended with Tie
Jan 26, 2017 3:38:27 PM View.Logging log
INFO: Game ended with Tie
Jan 26, 2017 3:38:27 PM View.Logging log
INFO: Game ended with Tie
Jan 26, 2017 3:38:27 PM View.Logging log
INFO: Game ended with Tie
Jan 26, 2017 3:38:27 PM View.Logging log
INFO: Game ended with Tie
Jan 26, 2017 3:38:27 PM View.Logging log
INFO: Game ended with Tie
Jan 26, 2017 3:38:27 PM View.Logging log
INFO: Game ended with Tie
Jan 26, 2017 3:38:27 PM View.Logging log
INFO: Game ended with Tie
Jan 26, 2017 3:38:27 PM View.Logging log
INFO: Game ended with Tie
Jan 26, 2017 3:38:27 PM View.Logging log
INFO: Game ended with Tie
Jan 26, 2017 3:38:27 PM View.Logging log
INFO: Game ended with Tie
Jan 26, 2017 3:38:27 PM View.Logging log
INFO: Game ended with Tie
Jan 26, 2017 3:38:27 PM View.Logging log
INFO: Game ended with Tie
Jan 26, 2017 3:38:27 PM View.Logging log
INFO: Game ended with Tie
Jan 26, 2017 3:38:27 PM View.Logging log
INFO: Game ended with Tie
Jan 26, 2017 3:38:27 PM View.Logging log
INFO: Game ended with Tie
Jan 26, 2017 3:38:27 PM View.Logging log
INFO: Game ended with Tie
Jan 26, 2017 3:38:27 PM View.Logging log
INFO: Game ended with Tie
Jan 26, 2017 3:38:27 PM View.Logging log
INFO: Game ended with Tie
Jan 26, 2017 3:38:27 PM View.Logging log
INFO: Game ended with Tie
Jan 26, 2017 3:38:27 PM View.Logging log
INFO: Game ended with Tie
Jan 26, 2017 3:38:27 PM View.Logging log
INFO: Game ended with Tie
Jan 26, 2017 3:38:27 PM View.Logging log
INFO: Game ended with Tie
Jan 26, 2017 3:38:27 PM View.Logging log
INFO: Game ended with Tie
Jan 26, 2017 3:38:27 PM View.Logging log
INFO: Game ended with Tie
Jan 26, 2017 3:38:27 PM View.Logging log
INFO: Game ended with Tie
Jan 26, 2017 3:38:27 PM View.Logging log
INFO: Game ended with Tie
Jan 26, 2017 3:38:27 PM View.Logging log
INFO: Game ended with Tie
Jan 26, 2017 3:38:27 PM View.Logging log
INFO: Game ended with Tie
Jan 26, 2017 3:38:27 PM View.Logging log
INFO: Game ended with Tie
Jan 26, 2017 3:38:27 PM View.Logging log
INFO: Game ended with Tie
Jan 26, 2017 3:38:27 PM View.Logging log
INFO: Game ended with Tie
Jan 26, 2017 3:38:27 PM View.Logging log
INFO: Game ended with Tie
Jan 26, 2017 3:38:27 PM View.Logging log
INFO: Game ended with Tie
Jan 26, 2017 3:38:27 PM View.Logging log
INFO: Game ended with Tie
Jan 26, 2017 3:38:27 PM View.Logging log
INFO: Game ended with Tie
Jan 26, 2017 3:38:27 PM View.Logging log
INFO: Game ended with Tie
Jan 26, 2017 3:38:27 PM View.Logging log
INFO: Game ended with Tie
Jan 26, 2017 3:38:27 PM View.Logging log
INFO: Game ended with Tie
Jan 26, 2017 3:38:27 PM View.Logging log
INFO: Game ended with Tie
Jan 26, 2017 3:38:27 PM View.Logging log
INFO: Game ended with Tie
Jan 26, 2017 3:38:27 PM View.Logging log
INFO: Game ended with Tie
Jan 26, 2017 3:38:27 PM View.Logging log
INFO: Game ended with Tie
Jan 26, 2017 3:38:27 PM View.Logging log
INFO: Game ended with Tie
Jan 26, 2017 3:38:27 PM View.Logging log
INFO: Game ended with Tie
Jan 26, 2017 3:38:27 PM View.Logging log
INFO: Game ended with Tie
Jan 26, 2017 3:38:27 PM View.Logging log
INFO: Game ended with Tie
Jan 26, 2017 3:38:27 PM View.Logging log
INFO: Game ended with Tie
Jan 26, 2017 3:38:27 PM View.Logging log
INFO: Game ended with Tie
Jan 26, 2017 3:38:27 PM View.Logging log
INFO: Game ended with Tie
Jan 26, 2017 3:38:27 PM View.Logging log
INFO: Game ended with Tie
Jan 26, 2017 3:38:27 PM View.Logging log
INFO: Game ended with Tie
Jan 26, 2017 3:38:27 PM View.Logging log
INFO: Game ended with Tie
Jan 26, 2017 3:38:27 PM View.Logging log
INFO: Game ended with Tie
Jan 26, 2017 3:38:27 PM View.Logging log
INFO: Game ended with Tie
Jan 26, 2017 3:38:27 PM View.Logging log
INFO: Game ended with Tie
Jan 26, 2017 3:38:27 PM View.Logging log
INFO: Game ended with Tie
Jan 26, 2017 3:38:27 PM View.Logging log
INFO: Game ended with Tie
Jan 26, 2017 3:38:27 PM View.Logging log
INFO: Game ended with Tie
Jan 26, 2017 3:38:27 PM View.Logging log
INFO: Game ended with Tie
Jan 26, 2017 3:38:27 PM View.Logging log
INFO: Game ended with Tie
Jan 26, 2017 3:38:27 PM View.Logging log
INFO: Game ended with Tie
Jan 26, 2017 3:38:27 PM View.Logging log
INFO: Game ended with Tie
Jan 26, 2017 3:38:27 PM View.Logging log
INFO: Game ended with Tie
Jan 26, 2017 3:38:27 PM View.Logging log
INFO: Game ended with Tie
Jan 26, 2017 3:38:27 PM View.Logging log
INFO: Game ended with Tie
Jan 26, 2017 3:38:27 PM View.Logging log
INFO: Game ended with Tie
Jan 26, 2017 3:38:27 PM View.Logging log
INFO: Game ended with Tie
Jan 26, 2017 3:38:27 PM View.Logging log
INFO: Game ended with Tie
Jan 26, 2017 3:38:27 PM View.Logging log
INFO: Game ended with Tie
Jan 26, 2017 3:38:27 PM View.Logging log
INFO: Game ended with Tie
Jan 26, 2017 3:38:27 PM View.Logging log
INFO: Game ended with Tie
Jan 26, 2017 3:38:27 PM View.Logging log
INFO: Game ended with Tie
Jan 26, 2017 3:38:27 PM View.Logging log
INFO: Game ended with Tie
Jan 26, 2017 3:38:27 PM View.Logging log
INFO: Game ended with Tie
Jan 26, 2017 3:38:27 PM View.Logging log
INFO: Game ended with Tie
Jan 26, 2017 3:38:27 PM View.Logging log
INFO: Game ended with Tie
Jan 26, 2017 3:38:27 PM View.Logging log
INFO: Game ended with Tie
Jan 26, 2017 3:38:27 PM View.Logging log
INFO: Game ended with Tie
Jan 26, 2017 3:38:27 PM View.Logging log
INFO: Game ended with Tie
Jan 26, 2017 3:38:27 PM View.Logging log
INFO: Game ended with Tie
Jan 26, 2017 3:38:27 PM View.Logging log
INFO: Game ended with Tie
Jan 26, 2017 3:38:27 PM View.Logging log
INFO: Game ended with Tie
Jan 26, 2017 3:38:27 PM View.Logging log
INFO: Game ended with Tie
Jan 26, 2017 3:38:27 PM View.Logging log
INFO: Game ended with Tie
Jan 26, 2017 3:38:27 PM View.Logging log
INFO: Game ended with Tie
Jan 26, 2017 3:38:27 PM View.Logging log
INFO: Game ended with Tie
Jan 26, 2017 3:38:27 PM View.Logging log
INFO: Game ended with Tie
Jan 26, 2017 3:38:27 PM View.Logging log
INFO: Game ended with Tie
Jan 26, 2017 3:38:27 PM View.Logging log
INFO: Game ended with Tie
Jan 26, 2017 3:38:27 PM View.Logging log
INFO: Game ended with Tie
Jan 26, 2017 3:38:27 PM View.Logging log
INFO: Game ended with Tie
Jan 26, 2017 3:38:27 PM View.Logging log
INFO: Game ended with Tie
Jan 26, 2017 3:38:27 PM View.Logging log
INFO: Game ended with Tie
Jan 26, 2017 3:38:27 PM View.Logging log
INFO: Game ended with Tie
Jan 26, 2017 3:38:27 PM View.Logging log
INFO: Game ended with Tie
Jan 26, 2017 3:38:27 PM View.Logging log
INFO: Game ended with Tie
Jan 26, 2017 3:38:27 PM View.Logging log
INFO: Game ended with Tie
Jan 26, 2017 3:38:27 PM View.Logging log
INFO: Game ended with Tie
Jan 26, 2017 3:38:27 PM View.Logging log
INFO: Game ended with Tie
Jan 26, 2017 3:38:27 PM View.Logging log
INFO: Game ended with Tie
Jan 26, 2017 3:38:27 PM View.Logging log
INFO: Game ended with Tie
Jan 26, 2017 3:38:27 PM View.Logging log
INFO: Game ended with Tie
Jan 26, 2017 3:38:27 PM View.Logging log
INFO: Game ended with Tie
Jan 26, 2017 3:38:27 PM View.Logging log
INFO: Game ended with Tie
Jan 26, 2017 3:38:27 PM View.Logging log
INFO: Game ended with Tie
Jan 26, 2017 3:38:27 PM View.Logging log
INFO: Game ended with Tie
Jan 26, 2017 3:38:27 PM View.Logging log
INFO: Game ended with Tie
Jan 26, 2017 3:38:27 PM View.Logging log
INFO: Game ended with Tie
Jan 26, 2017 3:38:27 PM View.Logging log
INFO: Game ended with Tie
Jan 26, 2017 3:38:27 PM View.Logging log
INFO: Game ended with Tie
Jan 26, 2017 3:38:27 PM View.Logging log
INFO: Game ended with Tie
Jan 26, 2017 3:38:27 PM View.Logging log
INFO: Game ended with Tie
Jan 26, 2017 3:38:27 PM View.Logging log
INFO: Game ended with Tie
Jan 26, 2017 3:38:27 PM View.Logging log
INFO: Game ended with Tie
Jan 26, 2017 3:38:27 PM View.Logging log
INFO: Game ended with Tie
Jan 26, 2017 3:38:27 PM View.Logging log
INFO: Game ended with Tie
Jan 26, 2017 3:38:27 PM View.Logging log
INFO: Game ended with Tie
Jan 26, 2017 3:38:27 PM View.Logging log
INFO: Game ended with Tie
Jan 26, 2017 3:38:27 PM View.Logging log
INFO: Game ended with Tie
Jan 26, 2017 3:38:27 PM View.Logging log
INFO: Game ended with Tie
Jan 26, 2017 3:38:27 PM View.Logging log
INFO: Game ended with Tie
Jan 26, 2017 3:38:27 PM View.Logging log
INFO: Game ended with Tie
Jan 26, 2017 3:38:27 PM View.Logging log
INFO: Game ended with Tie
Jan 26, 2017 3:38:27 PM View.Logging log
INFO: Game ended with Tie
Jan 26, 2017 3:38:27 PM View.Logging log
INFO: Game ended with Tie
Jan 26, 2017 3:38:27 PM View.Logging log
INFO: Game ended with Tie
Jan 26, 2017 3:38:27 PM View.Logging log
INFO: Game ended with Tie
Jan 26, 2017 3:38:27 PM View.Logging log
INFO: Game ended with Tie
Jan 26, 2017 3:38:27 PM View.Logging log
INFO: Game ended with Tie
Jan 26, 2017 3:38:27 PM View.Logging log
INFO: Game ended with Tie
Jan 26, 2017 3:38:27 PM View.Logging log
INFO: Game ended with Tie
Jan 26, 2017 3:38:27 PM View.Logging log
INFO: Game ended with Tie
Jan 26, 2017 3:38:27 PM View.Logging log
INFO: Game ended with Tie
Jan 26, 2017 3:38:27 PM View.Logging log
INFO: Game ended with Tie
Jan 26, 2017 3:38:27 PM View.Logging log
INFO: Game ended with Tie
Jan 26, 2017 3:38:27 PM View.Logging log
INFO: Game ended with Tie
Jan 26, 2017 3:38:27 PM View.Logging log
INFO: Game ended with Tie
Jan 26, 2017 3:38:27 PM View.Logging log
INFO: Game ended with Tie
Jan 26, 2017 3:38:27 PM View.Logging log
INFO: Game ended with Tie
Jan 26, 2017 3:38:27 PM View.Logging log
INFO: Game ended with Tie
Jan 26, 2017 3:38:27 PM View.Logging log
INFO: Game ended with Tie
Jan 26, 2017 3:38:27 PM View.Logging log
INFO: Game ended with Tie
Jan 26, 2017 3:38:27 PM View.Logging log
INFO: Game ended with Tie
Jan 26, 2017 3:38:27 PM View.Logging log
INFO: Game ended with Tie
Jan 26, 2017 3:38:27 PM View.Logging log
INFO: Game ended with Tie
Jan 26, 2017 3:38:27 PM View.Logging log
INFO: Game ended with Tie
Jan 26, 2017 3:38:27 PM View.Logging log
INFO: Game ended with Tie
Jan 26, 2017 3:38:27 PM View.Logging log
INFO: Game ended with Tie
Jan 26, 2017 3:38:27 PM View.Logging log
INFO: Game ended with Tie
Jan 26, 2017 3:38:28 PM View.Logging log
INFO: Game ended with Tie
Jan 26, 2017 3:38:28 PM View.Logging log
INFO: Game ended with Tie
Jan 26, 2017 3:38:28 PM View.Logging log
INFO: Game ended with Tie
Jan 26, 2017 3:38:28 PM View.Logging log
INFO: Game ended with Tie
Jan 26, 2017 3:38:28 PM View.Logging log
INFO: Game ended with Tie
Jan 26, 2017 3:38:28 PM View.Logging log
INFO: Game ended with Tie
Jan 26, 2017 3:38:28 PM View.Logging log
INFO: Game ended with Tie
Jan 26, 2017 3:38:28 PM View.Logging log
INFO: Game ended with Tie
Jan 26, 2017 3:38:28 PM View.Logging log
INFO: Game ended with Tie
Jan 26, 2017 3:38:28 PM View.Logging log
INFO: Game ended with Tie
Jan 26, 2017 3:38:28 PM View.Logging log
INFO: Game ended with Tie
Jan 26, 2017 3:38:28 PM View.Logging log
INFO: Game ended with Tie
Jan 26, 2017 3:38:28 PM View.Logging log
INFO: Game ended with Tie
Jan 26, 2017 3:38:28 PM View.Logging log
INFO: Game ended with Tie
Jan 26, 2017 3:38:28 PM View.Logging log
INFO: Game ended with Tie
Jan 26, 2017 3:38:28 PM View.Logging log
INFO: Game ended with Tie
Jan 26, 2017 3:38:28 PM View.Logging log
INFO: Game ended with Tie
Jan 26, 2017 3:38:28 PM View.Logging log
INFO: Game ended with Tie
Jan 26, 2017 3:38:28 PM View.Logging log
INFO: Game ended with Tie
Jan 26, 2017 3:38:28 PM View.Logging log
INFO: Game ended with Tie
Jan 26, 2017 3:38:28 PM View.Logging log
INFO: Game ended with Tie
Jan 26, 2017 3:38:28 PM View.Logging log
INFO: Game ended with Tie
Jan 26, 2017 3:38:28 PM View.Logging log
INFO: Game ended with Tie
Jan 26, 2017 3:38:28 PM View.Logging log
INFO: Game ended with Tie
Jan 26, 2017 3:38:28 PM View.Logging log
INFO: Game ended with Tie
Jan 26, 2017 3:38:28 PM View.Logging log
INFO: Game ended with Tie
Jan 26, 2017 3:38:28 PM View.Logging log
INFO: Game ended with Tie
Jan 26, 2017 3:38:28 PM View.Logging log
INFO: Game ended with Tie
Jan 26, 2017 3:38:28 PM View.Logging log
INFO: Game ended with Tie
Jan 26, 2017 3:38:28 PM View.Logging log
INFO: Game ended with Tie
Jan 26, 2017 3:38:28 PM View.Logging log
INFO: Game ended with Tie
Jan 26, 2017 3:38:28 PM View.Logging log
INFO: Game ended with Tie
Jan 26, 2017 3:38:28 PM View.Logging log
INFO: Game ended with Tie
Jan 26, 2017 3:38:28 PM View.Logging log
INFO: Game ended with Tie
Jan 26, 2017 3:38:28 PM View.Logging log
INFO: Game ended with Tie
Jan 26, 2017 3:38:28 PM View.Logging log
INFO: Game ended with Tie
Jan 26, 2017 3:38:28 PM View.Logging log
INFO: Game ended with Tie
Jan 26, 2017 3:38:28 PM View.Logging log
INFO: Game ended with Tie
Jan 26, 2017 3:38:28 PM View.Logging log
INFO: Game ended with Tie
Jan 26, 2017 3:38:28 PM View.Logging log
INFO: Game ended with Tie
Jan 26, 2017 3:38:28 PM View.Logging log
INFO: Game ended with Tie
Jan 26, 2017 3:38:28 PM View.Logging log
INFO: Game ended with Tie
Jan 26, 2017 3:38:28 PM View.Logging log
INFO: Game ended with Tie
Jan 26, 2017 3:38:28 PM View.Logging log
INFO: Game ended with Tie
Jan 26, 2017 3:38:28 PM View.Logging log
INFO: Game ended with Tie
Jan 26, 2017 3:38:28 PM View.Logging log
INFO: Game ended with Tie
Jan 26, 2017 3:38:28 PM View.Logging log
INFO: Game ended with Tie
Jan 26, 2017 3:38:28 PM View.Logging log
INFO: Game ended with Tie
Jan 26, 2017 3:38:28 PM View.Logging log
INFO: Game ended with Tie
Jan 26, 2017 3:38:28 PM View.Logging log
INFO: Game ended with Tie
Jan 26, 2017 3:38:28 PM View.Logging log
INFO: Game ended with Tie
Jan 26, 2017 3:38:28 PM View.Logging log
INFO: Game ended with Tie
Jan 26, 2017 3:38:28 PM View.Logging log
INFO: Game ended with Tie
Jan 26, 2017 3:38:28 PM View.Logging log
INFO: Game ended with Tie
Jan 26, 2017 3:38:28 PM View.Logging log
INFO: Game ended with Tie
Jan 26, 2017 3:38:28 PM View.Logging log
INFO: Game ended with Tie
Jan 26, 2017 3:38:28 PM View.Logging log
INFO: Game ended with Tie
Jan 26, 2017 3:38:28 PM View.Logging log
INFO: Game ended with Tie
Jan 26, 2017 3:38:28 PM View.Logging log
INFO: Game ended with Tie
Jan 26, 2017 3:38:28 PM View.Logging log
INFO: Game ended with Tie
Jan 26, 2017 3:38:28 PM View.Logging log
INFO: Game ended with Tie
Jan 26, 2017 3:38:28 PM View.Logging log
INFO: Game ended with Tie
Jan 26, 2017 3:38:28 PM View.Logging log
INFO: Game ended with Tie
Jan 26, 2017 3:38:28 PM View.Logging log
INFO: Game ended with Tie
Jan 26, 2017 3:38:28 PM View.Logging log
INFO: Game ended with Tie
Jan 26, 2017 3:38:28 PM View.Logging log
INFO: Game ended with Tie
Jan 26, 2017 3:38:28 PM View.Logging log
INFO: Game ended with Tie
Jan 26, 2017 3:38:28 PM View.Logging log
INFO: Game ended with Tie
Jan 26, 2017 3:38:28 PM View.Logging log
INFO: Game ended with Tie
Jan 26, 2017 3:38:28 PM View.Logging log
INFO: Game ended with Tie
Jan 26, 2017 3:38:28 PM View.Logging log
INFO: Game ended with Tie
Jan 26, 2017 3:38:28 PM View.Logging log
INFO: Game ended with Tie
Jan 26, 2017 3:38:28 PM View.Logging log
INFO: Game ended with Tie
Jan 26, 2017 3:38:28 PM View.Logging log
INFO: Game ended with Tie
Jan 26, 2017 3:38:28 PM View.Logging log
INFO: Game ended with Tie
Jan 26, 2017 3:38:28 PM View.Logging log
INFO: Game ended with Tie
Jan 26, 2017 3:38:28 PM View.Logging log
INFO: Game ended with Tie
Jan 26, 2017 3:38:28 PM View.Logging log
INFO: Game ended with Tie
Jan 26, 2017 3:38:28 PM View.Logging log
INFO: Game ended with Tie
Jan 26, 2017 3:38:28 PM View.Logging log
INFO: Game ended with Tie
Jan 26, 2017 3:38:28 PM View.Logging log
INFO: Game ended with Tie
Jan 26, 2017 3:38:28 PM View.Logging log
INFO: Game ended with Tie
Jan 26, 2017 3:38:28 PM View.Logging log
INFO: Game ended with Tie
Jan 26, 2017 3:38:28 PM View.Logging log
INFO: Game ended with Tie
Jan 26, 2017 3:38:28 PM View.Logging log
INFO: Game ended with Tie
Jan 26, 2017 3:38:28 PM View.Logging log
INFO: Game ended with Tie
Jan 26, 2017 3:38:28 PM View.Logging log
INFO: Game ended with Tie
Jan 26, 2017 3:38:28 PM View.Logging log
INFO: Game ended with Tie
Jan 26, 2017 3:38:28 PM View.Logging log
INFO: Game ended with Tie
Jan 26, 2017 3:38:28 PM View.Logging log
INFO: Game ended with Tie
Jan 26, 2017 3:38:28 PM View.Logging log
INFO: Game ended with Tie
Jan 26, 2017 3:38:28 PM View.Logging log
INFO: Game ended with Tie
Jan 26, 2017 3:38:28 PM View.Logging log
INFO: Game ended with Tie
Jan 26, 2017 3:38:28 PM View.Logging log
INFO: Game ended with Tie
Jan 26, 2017 3:38:28 PM View.Logging log
INFO: Game ended with Tie
Jan 26, 2017 3:38:28 PM View.Logging log
INFO: Game ended with Tie
Jan 26, 2017 3:38:28 PM View.Logging log
INFO: Game ended with Tie
Jan 26, 2017 3:38:28 PM View.Logging log
INFO: Game ended with Tie
Jan 26, 2017 3:38:28 PM View.Logging log
INFO: Game ended with Tie
Jan 26, 2017 3:38:28 PM View.Logging log
INFO: Game ended with Tie
Jan 26, 2017 3:38:28 PM View.Logging log
INFO: Game ended with Tie
Jan 26, 2017 3:38:28 PM View.Logging log
INFO: Game ended with Tie
Jan 26, 2017 3:38:28 PM View.Logging log
INFO: Game ended with Tie
Jan 26, 2017 3:38:28 PM View.Logging log
INFO: Game ended with Tie
Jan 26, 2017 3:38:28 PM View.Logging log
INFO: Game ended with Tie
Jan 26, 2017 3:38:28 PM View.Logging log
INFO: Game ended with Tie
Jan 26, 2017 3:38:28 PM View.Logging log
INFO: Game ended with Tie
Jan 26, 2017 3:38:28 PM View.Logging log
INFO: Game ended with Tie
Jan 26, 2017 3:38:28 PM View.Logging log
INFO: Game ended with Tie
Jan 26, 2017 3:38:28 PM View.Logging log
INFO: Game ended with Tie
Jan 26, 2017 3:38:28 PM View.Logging log
INFO: Game ended with Tie
Jan 26, 2017 3:38:28 PM View.Logging log
INFO: Game ended with Tie
Jan 26, 2017 3:38:28 PM View.Logging log
INFO: Game ended with Tie
Jan 26, 2017 3:38:28 PM View.Logging log
INFO: Game ended with Tie
Jan 26, 2017 3:38:28 PM View.Logging log
INFO: Game ended with Tie
Jan 26, 2017 3:38:28 PM View.Logging log
INFO: Game ended with Tie
Jan 26, 2017 3:38:28 PM View.Logging log
INFO: Game ended with Tie
Jan 26, 2017 3:38:28 PM View.Logging log
INFO: Game ended with Tie
Jan 26, 2017 3:38:28 PM View.Logging log
INFO: Game ended with Tie
Jan 26, 2017 3:38:28 PM View.Logging log
INFO: Game ended with Tie
Jan 26, 2017 3:38:28 PM View.Logging log
INFO: Game ended with Tie
Jan 26, 2017 3:38:28 PM View.Logging log
INFO: Game ended with Tie
Jan 26, 2017 3:38:28 PM View.Logging log
INFO: Game ended with Tie
Jan 26, 2017 3:38:28 PM View.Logging log
INFO: Game ended with Tie
Jan 26, 2017 3:38:28 PM View.Logging log
INFO: Game ended with Tie
Jan 26, 2017 3:38:28 PM View.Logging log
INFO: Game ended with Tie
Jan 26, 2017 3:38:28 PM View.Logging log
INFO: Game ended with Tie
Jan 26, 2017 3:38:28 PM View.Logging log
INFO: Game ended with Tie
Jan 26, 2017 3:38:28 PM View.Logging log
INFO: Game ended with Tie
Jan 26, 2017 3:38:28 PM View.Logging log
INFO: Game ended with Tie
Jan 26, 2017 3:38:28 PM View.Logging log
INFO: Game ended with Tie
Jan 26, 2017 3:38:28 PM View.Logging log
INFO: Game ended with Tie
Jan 26, 2017 3:38:28 PM View.Logging log
INFO: Game ended with Tie
Jan 26, 2017 3:38:28 PM View.Logging log
INFO: Game ended with Tie
Jan 26, 2017 3:38:28 PM View.Logging log
INFO: Game ended with Tie
Jan 26, 2017 3:38:28 PM View.Logging log
INFO: Game ended with Tie
Jan 26, 2017 3:38:28 PM View.Logging log
INFO: Game ended with Tie
Jan 26, 2017 3:38:28 PM View.Logging log
INFO: Game ended with Tie
Jan 26, 2017 3:38:28 PM View.Logging log
INFO: Game ended with Tie
Jan 26, 2017 3:38:28 PM View.Logging log
INFO: Game ended with Tie
Jan 26, 2017 3:38:28 PM View.Logging log
INFO: Game ended with Tie
Jan 26, 2017 3:38:28 PM View.Logging log
INFO: Game ended with Tie
Jan 26, 2017 3:38:28 PM View.Logging log
INFO: Game ended with Tie
Jan 26, 2017 3:38:28 PM View.Logging log
INFO: Game ended with Tie
Jan 26, 2017 3:38:28 PM View.Logging log
INFO: Game ended with Tie
Jan 26, 2017 3:38:28 PM View.Logging log
INFO: Game ended with Tie
Jan 26, 2017 3:38:28 PM View.Logging log
INFO: Game ended with Tie
Jan 26, 2017 3:38:28 PM View.Logging log
INFO: Game ended with Tie
Jan 26, 2017 3:38:28 PM View.Logging log
INFO: Game ended with Tie
Jan 26, 2017 3:38:28 PM View.Logging log
INFO: Game ended with Tie
Jan 26, 2017 3:38:28 PM View.Logging log
INFO: Game ended with Tie
Jan 26, 2017 3:38:28 PM View.Logging log
INFO: Game ended with Tie
Jan 26, 2017 3:38:28 PM View.Logging log
INFO: Game ended with Tie
Jan 26, 2017 3:38:28 PM View.Logging log
INFO: Game ended with Tie
Jan 26, 2017 3:38:28 PM View.Logging log
INFO: Game ended with Tie
Jan 26, 2017 3:38:28 PM View.Logging log
INFO: Game ended with Tie
Jan 26, 2017 3:38:28 PM View.Logging log
INFO: Game ended with Tie
Jan 26, 2017 3:38:28 PM View.Logging log
INFO: Game ended with Tie
Jan 26, 2017 3:38:28 PM View.Logging log
INFO: Game ended with Tie
Jan 26, 2017 3:38:28 PM View.Logging log
INFO: Game ended with Tie
Jan 26, 2017 3:38:28 PM View.Logging log
INFO: Game ended with Tie
Jan 26, 2017 3:38:28 PM View.Logging log
INFO: Game ended with Tie
Jan 26, 2017 3:38:28 PM View.Logging log
INFO: Game ended with Tie
Jan 26, 2017 3:38:28 PM View.Logging log
INFO: Game ended with Tie
Jan 26, 2017 3:38:28 PM View.Logging log
INFO: Game ended with Tie
Jan 26, 2017 3:38:28 PM View.Logging log
INFO: Game ended with Tie
Jan 26, 2017 3:38:28 PM View.Logging log
INFO: Game ended with Tie
Jan 26, 2017 3:38:28 PM View.Logging log
INFO: Game ended with Tie
Jan 26, 2017 3:38:28 PM View.Logging log
INFO: Game ended with Tie
Jan 26, 2017 3:38:28 PM View.Logging log
INFO: Game ended with Tie
Jan 26, 2017 3:38:28 PM View.Logging log
INFO: Game ended with Tie
Jan 26, 2017 3:38:28 PM View.Logging log
INFO: Game ended with Tie
Jan 26, 2017 3:38:28 PM View.Logging log
INFO: Game ended with Tie
Jan 26, 2017 3:38:28 PM View.Logging log
INFO: Game ended with Tie
Jan 26, 2017 3:38:28 PM View.Logging log
INFO: Game ended with Tie
Jan 26, 2017 3:38:28 PM View.Logging log
INFO: Game ended with Tie
Jan 26, 2017 3:38:28 PM View.Logging log
INFO: Game ended with Tie
Jan 26, 2017 3:38:28 PM View.Logging log
INFO: Game ended with Tie
Jan 26, 2017 3:38:28 PM View.Logging log
INFO: Game ended with Tie
Jan 26, 2017 3:38:28 PM View.Logging log
INFO: Game ended with Tie
Jan 26, 2017 3:38:28 PM View.Logging log
INFO: Game ended with Tie
Jan 26, 2017 3:38:28 PM View.Logging log
INFO: Game ended with Tie
Jan 26, 2017 3:38:28 PM View.Logging log
INFO: Game ended with Tie
Jan 26, 2017 3:38:28 PM View.Logging log
INFO: Game ended with Tie
Jan 26, 2017 3:38:28 PM View.Logging log
INFO: Game ended with Tie
Jan 26, 2017 3:38:28 PM View.Logging log
INFO: Game ended with Tie
Jan 26, 2017 3:38:28 PM View.Logging log
INFO: Game ended with Tie
Jan 26, 2017 3:38:28 PM View.Logging log
INFO: Game ended with Tie
Jan 26, 2017 3:38:28 PM View.Logging log
INFO: Game ended with Tie
Jan 26, 2017 3:38:28 PM View.Logging log
INFO: Game ended with Tie
Jan 26, 2017 3:38:28 PM View.Logging log
INFO: Game ended with Tie
Jan 26, 2017 3:38:28 PM View.Logging log
INFO: Game ended with Tie
Jan 26, 2017 3:38:28 PM View.Logging log
INFO: Game ended with Tie
Jan 26, 2017 3:38:28 PM View.Logging log
INFO: Game ended with Tie
Jan 26, 2017 3:38:28 PM View.Logging log
INFO: Game ended with Tie
Jan 26, 2017 3:38:28 PM View.Logging log
INFO: Game ended with Tie
Jan 26, 2017 3:38:28 PM View.Logging log
INFO: Game ended with Tie
Jan 26, 2017 3:38:28 PM View.Logging log
INFO: Game ended with Tie
Jan 26, 2017 3:38:28 PM View.Logging log
INFO: Game ended with Tie
Jan 26, 2017 3:38:28 PM View.Logging log
INFO: Game ended with Tie
Jan 26, 2017 3:38:28 PM View.Logging log
INFO: Game ended with Tie
Jan 26, 2017 3:38:28 PM View.Logging log
INFO: Game ended with Tie
Jan 26, 2017 3:38:28 PM View.Logging log
INFO: Game ended with Tie
Jan 26, 2017 3:38:28 PM View.Logging log
INFO: Game ended with Tie
Jan 26, 2017 3:38:28 PM View.Logging log
INFO: Game ended with Tie
Jan 26, 2017 3:38:28 PM View.Logging log
INFO: Game ended with Tie
Jan 26, 2017 3:38:28 PM View.Logging log
INFO: Game ended with Tie
Jan 26, 2017 3:38:28 PM View.Logging log
INFO: Game ended with Tie
Jan 26, 2017 3:38:28 PM View.Logging log
INFO: Game ended with Tie
Jan 26, 2017 3:38:28 PM View.Logging log
INFO: Game ended with Tie
Jan 26, 2017 3:38:28 PM View.Logging log
INFO: Game ended with Tie
Jan 26, 2017 3:38:28 PM View.Logging log
INFO: Game ended with Tie
Jan 26, 2017 3:38:28 PM View.Logging log
INFO: Game ended with Tie
Jan 26, 2017 3:38:28 PM View.Logging log
INFO: Game ended with Tie
Jan 26, 2017 3:38:28 PM View.Logging log
INFO: Game ended with Tie
Jan 26, 2017 3:38:28 PM View.Logging log
INFO: Game ended with Tie
Jan 26, 2017 3:38:28 PM View.Logging log
INFO: Game ended with Tie
Jan 26, 2017 3:38:28 PM View.Logging log
INFO: Game ended with Tie
Jan 26, 2017 3:38:28 PM View.Logging log
INFO: Game ended with Tie
Jan 26, 2017 3:38:28 PM View.Logging log
INFO: Game ended with Tie
Jan 26, 2017 3:38:28 PM View.Logging log
INFO: Game ended with Tie
Jan 26, 2017 3:38:28 PM View.Logging log
INFO: Game ended with Tie
Jan 26, 2017 3:38:28 PM View.Logging log
INFO: Game ended with Tie
Jan 26, 2017 3:38:28 PM View.Logging log
INFO: Game ended with Tie
Jan 26, 2017 3:38:28 PM View.Logging log
INFO: Game ended with Tie
Jan 26, 2017 3:38:28 PM View.Logging log
INFO: Game ended with Tie
Jan 26, 2017 3:38:28 PM View.Logging log
INFO: Game ended with Tie
Jan 26, 2017 3:38:28 PM View.Logging log
INFO: Game ended with Tie
Jan 26, 2017 3:38:28 PM View.Logging log
INFO: Game ended with Tie
Jan 26, 2017 3:38:28 PM View.Logging log
INFO: Game ended with Tie
Jan 26, 2017 3:38:28 PM View.Logging log
INFO: Game ended with Tie
Jan 26, 2017 3:38:28 PM View.Logging log
INFO: Game ended with Tie
Jan 26, 2017 3:38:28 PM View.Logging log
INFO: Game ended with Tie
Jan 26, 2017 3:38:28 PM View.Logging log
INFO: Game ended with Tie
Jan 26, 2017 3:38:28 PM View.Logging log
INFO: Game ended with Tie
Jan 26, 2017 3:38:28 PM View.Logging log
INFO: Game ended with Tie
Jan 26, 2017 3:38:28 PM View.Logging log
INFO: Game ended with Tie
Jan 26, 2017 3:38:28 PM View.Logging log
INFO: Game ended with Tie
Jan 26, 2017 3:38:28 PM View.Logging log
INFO: Game ended with Tie
Jan 26, 2017 3:38:28 PM View.Logging log
INFO: Game ended with Tie
Jan 26, 2017 3:38:28 PM View.Logging log
INFO: Game ended with Tie
Jan 26, 2017 3:38:28 PM View.Logging log
INFO: Game ended with Tie
Jan 26, 2017 3:38:28 PM View.Logging log
INFO: Game ended with Tie
Jan 26, 2017 3:38:28 PM View.Logging log
INFO: Game ended with Tie
Jan 26, 2017 3:38:28 PM View.Logging log
INFO: Game ended with Tie
Jan 26, 2017 3:38:28 PM View.Logging log
INFO: Game ended with Tie
Jan 26, 2017 3:38:28 PM View.Logging log
INFO: Game ended with Tie
Jan 26, 2017 3:38:28 PM View.Logging log
INFO: Game ended with Tie
Jan 26, 2017 3:38:28 PM View.Logging log
INFO: Game ended with Tie
Jan 26, 2017 3:38:28 PM View.Logging log
INFO: Game ended with Tie
Jan 26, 2017 3:38:28 PM View.Logging log
INFO: Game ended with Tie
Jan 26, 2017 3:38:28 PM View.Logging log
INFO: Game ended with Tie
Jan 26, 2017 3:38:28 PM View.Logging log
INFO: Game ended with Tie
Jan 26, 2017 3:38:28 PM View.Logging log
INFO: Game ended with Tie
Jan 26, 2017 3:38:28 PM View.Logging log
INFO: Game ended with Tie
Jan 26, 2017 3:38:28 PM View.Logging log
INFO: Game ended with Tie
Jan 26, 2017 3:38:29 PM View.Logging log
INFO: Game ended with Tie
Jan 26, 2017 3:38:29 PM View.Logging log
INFO: Game ended with Tie
Jan 26, 2017 3:38:29 PM View.Logging log
INFO: Game ended with Tie
Jan 26, 2017 3:38:29 PM View.Logging log
INFO: Game ended with Tie
Jan 26, 2017 3:38:29 PM View.Logging log
INFO: Game ended with Tie
Jan 26, 2017 3:38:29 PM View.Logging log
INFO: Game ended with Tie
Jan 26, 2017 3:38:29 PM View.Logging log
INFO: Game ended with Tie
Jan 26, 2017 3:38:29 PM View.Logging log
INFO: Game ended with Tie
Jan 26, 2017 3:38:29 PM View.Logging log
INFO: Game ended with Tie
Jan 26, 2017 3:38:29 PM View.Logging log
INFO: Game ended with Tie
Jan 26, 2017 3:38:29 PM View.Logging log
INFO: Game ended with Tie
Jan 26, 2017 3:38:29 PM View.Logging log
INFO: Game ended with Tie
Jan 26, 2017 3:38:29 PM View.Logging log
INFO: Game ended with Tie
Jan 26, 2017 3:38:29 PM View.Logging log
INFO: Game ended with Tie
Jan 26, 2017 3:38:29 PM View.Logging log
INFO: Game ended with Tie
Jan 26, 2017 3:38:29 PM View.Logging log
INFO: Game ended with Tie
Jan 26, 2017 3:38:29 PM View.Logging log
INFO: Game ended with Tie
Jan 26, 2017 3:38:29 PM View.Logging log
INFO: Game ended with Tie
Jan 26, 2017 3:38:29 PM View.Logging log
INFO: Game ended with Tie
Jan 26, 2017 3:38:29 PM View.Logging log
INFO: Game ended with Tie
Jan 26, 2017 3:38:29 PM View.Logging log
INFO: Game ended with Tie
Jan 26, 2017 3:38:29 PM View.Logging log
INFO: Game ended with Tie
Jan 26, 2017 3:38:29 PM View.Logging log
INFO: Game ended with Tie
Jan 26, 2017 3:38:29 PM View.Logging log
INFO: Game ended with Tie
Jan 26, 2017 3:38:29 PM View.Logging log
INFO: Game ended with Tie
Jan 26, 2017 3:38:29 PM View.Logging log
INFO: Game ended with Tie
Jan 26, 2017 3:38:29 PM View.Logging log
INFO: Game ended with Tie
Jan 26, 2017 3:38:29 PM View.Logging log
INFO: Game ended with Tie
Jan 26, 2017 3:38:29 PM View.Logging log
INFO: Game ended with Tie
Jan 26, 2017 3:38:29 PM View.Logging log
INFO: Game ended with Tie
Jan 26, 2017 3:38:29 PM View.Logging log
INFO: Game ended with Tie
Jan 26, 2017 3:38:29 PM View.Logging log
INFO: Game ended with Tie
Jan 26, 2017 3:38:29 PM View.Logging log
INFO: Game ended with Tie
Jan 26, 2017 3:38:29 PM View.Logging log
INFO: Game ended with Tie
Jan 26, 2017 3:38:29 PM View.Logging log
INFO: Game ended with Tie
Jan 26, 2017 3:38:29 PM View.Logging log
INFO: Game ended with Tie
Jan 26, 2017 3:38:29 PM View.Logging log
INFO: Game ended with Tie
Jan 26, 2017 3:38:29 PM View.Logging log
INFO: Game ended with Tie
Jan 26, 2017 3:38:29 PM View.Logging log
INFO: Game ended with Tie
Jan 26, 2017 3:38:29 PM View.Logging log
INFO: Game ended with Tie
Jan 26, 2017 3:38:29 PM View.Logging log
INFO: Game ended with Tie
Jan 26, 2017 3:38:29 PM View.Logging log
INFO: Game ended with Tie
Jan 26, 2017 3:38:29 PM View.Logging log
INFO: Game ended with Tie
Jan 26, 2017 3:38:29 PM View.Logging log
INFO: Game ended with Tie
Jan 26, 2017 3:38:29 PM View.Logging log
INFO: Game ended with Tie
Jan 26, 2017 3:38:29 PM View.Logging log
INFO: Game ended with Tie
Jan 26, 2017 3:38:29 PM View.Logging log
INFO: Game ended with Tie
Jan 26, 2017 3:38:29 PM View.Logging log
INFO: Game ended with Tie
Jan 26, 2017 3:38:29 PM View.Logging log
INFO: Game ended with Tie
Jan 26, 2017 3:38:29 PM View.Logging log
INFO: Game ended with Tie
Jan 26, 2017 3:38:29 PM View.Logging log
INFO: Game ended with Tie
Jan 26, 2017 3:38:29 PM View.Logging log
INFO: Game ended with Tie
Jan 26, 2017 3:38:29 PM View.Logging log
INFO: Game ended with Tie
Jan 26, 2017 3:38:29 PM View.Logging log
INFO: Game ended with Tie
Jan 26, 2017 3:38:29 PM View.Logging log
INFO: Game ended with Tie
Jan 26, 2017 3:38:29 PM View.Logging log
INFO: Game ended with Tie
Jan 26, 2017 3:38:29 PM View.Logging log
INFO: Game ended with Tie
Jan 26, 2017 3:38:29 PM View.Logging log
INFO: Game ended with Tie
Jan 26, 2017 3:38:29 PM View.Logging log
INFO: Game ended with Tie
Jan 26, 2017 3:38:29 PM View.Logging log
INFO: Game ended with Tie
Jan 26, 2017 3:38:29 PM View.Logging log
INFO: Game ended with Tie
Jan 26, 2017 3:38:29 PM View.Logging log
INFO: Game ended with Tie
Jan 26, 2017 3:38:29 PM View.Logging log
INFO: Game ended with Tie
Jan 26, 2017 3:38:29 PM View.Logging log
INFO: Game ended with Tie
Jan 26, 2017 3:38:29 PM View.Logging log
INFO: Game ended with Tie
Jan 26, 2017 3:38:29 PM View.Logging log
INFO: Game ended with Tie
Jan 26, 2017 3:38:29 PM View.Logging log
INFO: Game ended with Tie
Jan 26, 2017 3:38:29 PM View.Logging log
INFO: Game ended with Tie
Jan 26, 2017 3:38:29 PM View.Logging log
INFO: Game ended with Tie
Jan 26, 2017 3:38:29 PM View.Logging log
INFO: Game ended with Tie
Jan 26, 2017 3:38:29 PM View.Logging log
INFO: Game ended with Tie
Jan 26, 2017 3:38:29 PM View.Logging log
INFO: Game ended with Tie
Jan 26, 2017 3:38:29 PM View.Logging log
INFO: Game ended with Tie
Jan 26, 2017 3:38:29 PM View.Logging log
INFO: Game ended with Tie
Jan 26, 2017 3:38:29 PM View.Logging log
INFO: Game ended with Tie
Jan 26, 2017 3:38:29 PM View.Logging log
INFO: Game ended with Tie
Jan 26, 2017 3:38:29 PM View.Logging log
INFO: Game ended with Tie
Jan 26, 2017 3:38:29 PM View.Logging log
INFO: Game ended with Tie
Jan 26, 2017 3:38:29 PM View.Logging log
INFO: Game ended with Tie
Jan 26, 2017 3:38:29 PM View.Logging log
INFO: Game ended with Tie
Jan 26, 2017 3:38:29 PM View.Logging log
INFO: Game ended with Tie
Jan 26, 2017 3:38:29 PM View.Logging log
INFO: Game ended with Tie
Jan 26, 2017 3:38:29 PM View.Logging log
INFO: Game ended with Tie
Jan 26, 2017 3:38:29 PM View.Logging log
INFO: Game ended with Tie
Jan 26, 2017 3:38:29 PM View.Logging log
INFO: Game ended with Tie
Jan 26, 2017 3:38:29 PM View.Logging log
INFO: Game ended with Tie
Jan 26, 2017 3:38:29 PM View.Logging log
INFO: Game ended with Tie
Jan 26, 2017 3:38:29 PM View.Logging log
INFO: Game ended with Tie
Jan 26, 2017 3:38:29 PM View.Logging log
INFO: Game ended with Tie
Jan 26, 2017 3:38:29 PM View.Logging log
INFO: Game ended with Tie
Jan 26, 2017 3:38:29 PM View.Logging log
INFO: Game ended with Tie
Jan 26, 2017 3:38:29 PM View.Logging log
INFO: Game ended with Tie
Jan 26, 2017 3:38:29 PM View.Logging log
INFO: Game ended with Tie
Jan 26, 2017 3:38:29 PM View.Logging log
INFO: Game ended with Tie
Jan 26, 2017 3:38:29 PM View.Logging log
INFO: Game ended with Tie
Jan 26, 2017 3:38:29 PM View.Logging log
INFO: Game ended with Tie
Jan 26, 2017 3:38:29 PM View.Logging log
INFO: Game ended with Tie
Jan 26, 2017 3:38:29 PM View.Logging log
INFO: Game ended with Tie
Jan 26, 2017 3:38:29 PM View.Logging log
INFO: Game ended with Tie
Jan 26, 2017 3:38:29 PM View.Logging log
INFO: Game ended with Tie
Jan 26, 2017 3:38:29 PM View.Logging log
INFO: Game ended with Tie
Jan 26, 2017 3:38:29 PM View.Logging log
INFO: Game ended with Tie
Jan 26, 2017 3:38:29 PM View.Logging log
INFO: Game ended with Tie
Jan 26, 2017 3:38:29 PM View.Logging log
INFO: Game ended with Tie
Jan 26, 2017 3:38:29 PM View.Logging log
INFO: Game ended with Tie
Jan 26, 2017 3:38:29 PM View.Logging log
INFO: Game ended with Tie
Jan 26, 2017 3:38:29 PM View.Logging log
INFO: Game ended with Tie
Jan 26, 2017 3:38:29 PM View.Logging log
INFO: Game ended with Tie
Jan 26, 2017 3:38:29 PM View.Logging log
INFO: Game ended with Tie
Jan 26, 2017 3:38:29 PM View.Logging log
INFO: Game ended with Tie
Jan 26, 2017 3:38:29 PM View.Logging log
INFO: Game ended with Tie
Jan 26, 2017 3:38:29 PM View.Logging log
INFO: Game ended with Tie
Jan 26, 2017 3:38:29 PM View.Logging log
INFO: Game ended with Tie
Jan 26, 2017 3:38:29 PM View.Logging log
INFO: Game ended with Tie
Jan 26, 2017 3:38:29 PM View.Logging log
INFO: Game ended with Tie
Jan 26, 2017 3:38:29 PM View.Logging log
INFO: Game ended with Tie
Jan 26, 2017 3:38:29 PM View.Logging log
INFO: Game ended with Tie
Jan 26, 2017 3:38:29 PM View.Logging log
INFO: Game ended with Tie
Jan 26, 2017 3:38:29 PM View.Logging log
INFO: Game ended with Tie
Jan 26, 2017 3:38:29 PM View.Logging log
INFO: Game ended with Tie
Jan 26, 2017 3:38:29 PM View.Logging log
INFO: Game ended with Tie
Jan 26, 2017 3:38:29 PM View.Logging log
INFO: Game ended with Tie
Jan 26, 2017 3:38:29 PM View.Logging log
INFO: Game ended with Tie
Jan 26, 2017 3:38:29 PM View.Logging log
INFO: Game ended with Tie
Jan 26, 2017 3:38:29 PM View.Logging log
INFO: Game ended with Tie
Jan 26, 2017 3:38:29 PM View.Logging log
INFO: Game ended with Tie
Jan 26, 2017 3:38:29 PM View.Logging log
INFO: Game ended with Tie
Jan 26, 2017 3:38:29 PM View.Logging log
INFO: Game ended with Tie
Jan 26, 2017 3:38:29 PM View.Logging log
INFO: Game ended with Tie
Jan 26, 2017 3:38:29 PM View.Logging log
INFO: Game ended with Tie
Jan 26, 2017 3:38:29 PM View.Logging log
INFO: Game ended with Tie
Jan 26, 2017 3:38:29 PM View.Logging log
INFO: Game ended with Tie
Jan 26, 2017 3:38:29 PM View.Logging log
INFO: Game ended with Tie
Jan 26, 2017 3:38:29 PM View.Logging log
INFO: Game ended with Tie
Jan 26, 2017 3:38:29 PM View.Logging log
INFO: Game ended with Tie
Jan 26, 2017 3:38:29 PM View.Logging log
INFO: Game ended with Tie
Jan 26, 2017 3:38:29 PM View.Logging log
INFO: Game ended with Tie
Jan 26, 2017 3:38:29 PM View.Logging log
INFO: Game ended with Tie
Jan 26, 2017 3:38:29 PM View.Logging log
INFO: Game ended with Tie
Jan 26, 2017 3:38:29 PM View.Logging log
INFO: Game ended with Tie
Jan 26, 2017 3:38:29 PM View.Logging log
INFO: Game ended with Tie
Jan 26, 2017 3:38:29 PM View.Logging log
INFO: Game ended with Tie
Jan 26, 2017 3:38:29 PM View.Logging log
INFO: Game ended with Tie
Jan 26, 2017 3:38:29 PM View.Logging log
INFO: Game ended with Tie
Jan 26, 2017 3:38:29 PM View.Logging log
INFO: Game ended with Tie
Jan 26, 2017 3:38:29 PM View.Logging log
INFO: Game ended with Tie
Jan 26, 2017 3:38:29 PM View.Logging log
INFO: Game ended with Tie
Jan 26, 2017 3:38:29 PM View.Logging log
INFO: Game ended with Tie
Jan 26, 2017 3:38:29 PM View.Logging log
INFO: Game ended with Tie
Jan 26, 2017 3:38:29 PM View.Logging log
INFO: Game ended with Tie
Jan 26, 2017 3:38:29 PM View.Logging log
INFO: Game ended with Tie
Jan 26, 2017 3:38:29 PM View.Logging log
INFO: Game ended with Tie
Jan 26, 2017 3:38:29 PM View.Logging log
INFO: Game ended with Tie
Jan 26, 2017 3:38:29 PM View.Logging log
INFO: Game ended with Tie
Jan 26, 2017 3:38:29 PM View.Logging log
INFO: Game ended with Tie
Jan 26, 2017 3:38:29 PM View.Logging log
INFO: Game ended with Tie
Jan 26, 2017 3:38:29 PM View.Logging log
INFO: Game ended with Tie
Jan 26, 2017 3:38:29 PM View.Logging log
INFO: Game ended with Tie
Jan 26, 2017 3:38:29 PM View.Logging log
INFO: Game ended with Tie
Jan 26, 2017 3:38:29 PM View.Logging log
INFO: Game ended with Tie
Jan 26, 2017 3:38:29 PM View.Logging log
INFO: Game ended with Tie
Jan 26, 2017 3:38:29 PM View.Logging log
INFO: Game ended with Tie
Jan 26, 2017 3:38:29 PM View.Logging log
INFO: Game ended with Tie
Jan 26, 2017 3:38:29 PM View.Logging log
INFO: Game ended with Tie
Jan 26, 2017 3:38:29 PM View.Logging log
INFO: Game ended with Tie
Jan 26, 2017 3:38:29 PM View.Logging log
INFO: Game ended with Tie
Jan 26, 2017 3:38:29 PM View.Logging log
INFO: Game ended with Tie
Jan 26, 2017 3:38:29 PM View.Logging log
INFO: Game ended with Tie
Jan 26, 2017 3:38:29 PM View.Logging log
INFO: Game ended with Tie
Jan 26, 2017 3:38:29 PM View.Logging log
INFO: Game ended with Tie
Jan 26, 2017 3:38:29 PM View.Logging log
INFO: Game ended with Tie
Jan 26, 2017 3:38:29 PM View.Logging log
INFO: Game ended with Tie
Jan 26, 2017 3:38:29 PM View.Logging log
INFO: Game ended with Tie
Jan 26, 2017 3:38:29 PM View.Logging log
INFO: Game ended with Tie
Jan 26, 2017 3:38:29 PM View.Logging log
INFO: Game ended with Tie
Jan 26, 2017 3:38:29 PM View.Logging log
INFO: Game ended with Tie
Jan 26, 2017 3:38:29 PM View.Logging log
INFO: Game ended with Tie
Jan 26, 2017 3:38:29 PM View.Logging log
INFO: Game ended with Tie
Jan 26, 2017 3:38:29 PM View.Logging log
INFO: Game ended with Tie
Jan 26, 2017 3:38:29 PM View.Logging log
INFO: Game ended with Tie
Jan 26, 2017 3:38:29 PM View.Logging log
INFO: Game ended with Tie
Jan 26, 2017 3:38:29 PM View.Logging log
INFO: Game ended with Tie
Jan 26, 2017 3:38:29 PM View.Logging log
INFO: Game ended with Tie
Jan 26, 2017 3:38:29 PM View.Logging log
INFO: Game ended with Tie
Jan 26, 2017 3:38:29 PM View.Logging log
INFO: Game ended with Tie
Jan 26, 2017 3:38:29 PM View.Logging log
INFO: Game ended with Tie
Jan 26, 2017 3:38:29 PM View.Logging log
INFO: Game ended with Tie
Jan 26, 2017 3:38:29 PM View.Logging log
INFO: Game ended with Tie
Jan 26, 2017 3:38:29 PM View.Logging log
INFO: Game ended with Tie
Jan 26, 2017 3:38:29 PM View.Logging log
INFO: Game ended with Tie
Jan 26, 2017 3:38:29 PM View.Logging log
INFO: Game ended with Tie
Jan 26, 2017 3:38:29 PM View.Logging log
INFO: Game ended with Tie
Jan 26, 2017 3:38:29 PM View.Logging log
INFO: Game ended with Tie
Jan 26, 2017 3:38:29 PM View.Logging log
INFO: Game ended with Tie
Jan 26, 2017 3:38:29 PM View.Logging log
INFO: Game ended with Tie
Jan 26, 2017 3:38:29 PM View.Logging log
INFO: Game ended with Tie
Jan 26, 2017 3:38:29 PM View.Logging log
INFO: Game ended with Tie
Jan 26, 2017 3:38:29 PM View.Logging log
INFO: Game ended with Tie
Jan 26, 2017 3:38:29 PM View.Logging log
INFO: Game ended with Tie
Jan 26, 2017 3:38:29 PM View.Logging log
INFO: Game ended with Tie
Jan 26, 2017 3:38:29 PM View.Logging log
INFO: Game ended with Tie
Jan 26, 2017 3:38:29 PM View.Logging log
INFO: Game ended with Tie
Jan 26, 2017 3:38:29 PM View.Logging log
INFO: Game ended with Tie
Jan 26, 2017 3:38:29 PM View.Logging log
INFO: Game ended with Tie
Jan 26, 2017 3:38:29 PM View.Logging log
INFO: Game ended with Tie
Jan 26, 2017 3:38:29 PM View.Logging log
INFO: Game ended with Tie
Jan 26, 2017 3:38:29 PM View.Logging log
INFO: Game ended with Tie
Jan 26, 2017 3:38:29 PM View.Logging log
INFO: Game ended with Tie
Jan 26, 2017 3:38:29 PM View.Logging log
INFO: Game ended with Tie
Jan 26, 2017 3:38:29 PM View.Logging log
INFO: Game ended with Tie
Jan 26, 2017 3:38:29 PM View.Logging log
INFO: Game ended with Tie
Jan 26, 2017 3:38:29 PM View.Logging log
INFO: Game ended with Tie
Jan 26, 2017 3:38:30 PM View.Logging log
INFO: Easy difficulty
Jan 26, 2017 3:38:37 PM View.Logging log
INFO: GreenClownScore =1
Jan 26, 2017 3:38:40 PM View.Logging log
INFO: GreenClownScore =2
Jan 26, 2017 3:38:41 PM View.Logging log
INFO: BlueClownScore =1
Jan 26, 2017 3:38:43 PM View.Logging log
INFO: BlueClownScore =2
Jan 26, 2017 3:38:45 PM View.Logging log
INFO: GreenClownScore =3
Jan 26, 2017 3:38:46 PM View.Logging log
INFO: BlueClownScore =3
Jan 26, 2017 3:38:50 PM View.Logging log
INFO: GreenClownScore =4
Jan 26, 2017 3:38:55 PM View.Logging log
INFO: BlueClownScore =4
Jan 26, 2017 3:38:59 PM View.Logging log
INFO: BlueClownScore =5
Jan 26, 2017 3:39:01 PM View.Logging log
INFO: BlueClownScore =6
Jan 26, 2017 3:39:01 PM View.Logging log
INFO: GreenClownScore =5
Jan 26, 2017 3:39:03 PM View.Logging log
INFO: BlueClownScore =7
Jan 26, 2017 3:39:08 PM View.Logging log
INFO: GreenClownScore =6
Jan 26, 2017 3:39:08 PM View.Logging log
INFO: BlueClownScore =8
Jan 26, 2017 3:39:13 PM View.Logging log
INFO: GreenClownScore =7
Jan 26, 2017 3:39:16 PM View.Logging log
INFO: BlueClownScore =9
Jan 26, 2017 3:39:18 PM View.Logging log
INFO: BlueClownScore =10
Jan 26, 2017 3:39:19 PM View.Logging log
INFO: BlueClownScore =11
Jan 26, 2017 3:39:23 PM View.Logging log
INFO: BlueClownScore =12
Jan 26, 2017 3:39:26 PM View.Logging log
INFO: BlueClownScore =13
Jan 26, 2017 3:39:28 PM View.Logging log
INFO: BlueClownScore =14
Jan 26, 2017 3:39:37 PM View.Logging log
INFO: BlueClownScore =15
